Started GET "/" for 127.0.0.1 at 2025-05-01 00:17:40 -0500
  [1m[36mActiveRecord::SchemaMigration Load (2.8ms)[0m  [1m[34mSELECT "schema_migrations"."version" FROM "schema_migrations" ORDER BY "schema_migrations"."version" ASC /*application='App'*/[0m
Processing by StudentsController#index as HTML
  Rendering layout layouts/application.html.erb
  Rendering students/index.html.erb within layouts/application
  [1m[36mStudent Load (14.8ms)[0m  [1m[34mSELECT "students".* FROM "students" /*action='index',application='App',controller='students'*/[0m
  ↳ app/views/students/index.html.erb:159
  Rendered students/index.html.erb within layouts/application (Duration: 77.8ms | GC: 15.9ms)
  Rendered layout layouts/application.html.erb (Duration: 94.6ms | GC: 16.5ms)
Completed 200 OK in 231ms (Views: 59.5ms | ActiveRecord: 43.3ms (1 query, 0 cached) | GC: 18.5ms)


Started GET "/images/hero.jpg" for 127.0.0.1 at 2025-05-01 00:17:40 -0500
  
ActionController::RoutingError (No route matches [GET] "/images/hero.jpg"):
  
Started GET "/images/nu_shield.png" for 127.0.0.1 at 2025-05-01 00:17:40 -0500
  [1m[36mActiveRecord::SchemaMigration Load (7.5ms)[0m  [1m[34mSELECT "schema_migrations"."version" FROM "schema_migrations" ORDER BY "schema_migrations"."version" ASC /*application='App'*/[0m
  
ActionController::RoutingError (No route matches [GET] "/images/nu_shield.png"):
  
Started GET "/assets/controllers" for 127.0.0.1 at 2025-05-01 00:17:41 -0500
Started GET "/students/new" for 127.0.0.1 at 2025-05-01 00:17:42 -0500
Processing by StudentsController#new as HTML
  Rendering layout layouts/application.html.erb
  Rendering students/new.html.erb within layouts/application
  Rendered students/_form.html.erb (Duration: 11.5ms | GC: 0.0ms)
  Rendered students/new.html.erb within layouts/application (Duration: 12.7ms | GC: 0.0ms)
  Rendered layout layouts/application.html.erb (Duration: 20.3ms | GC: 0.0ms)
Completed 200 OK in 95ms (Views: 23.9ms | ActiveRecord: 11.8ms (0 queries, 0 cached) | GC: 0.5ms)


Started GET "/assets/controllers" for 127.0.0.1 at 2025-05-01 00:17:43 -0500
Started GET "/students/new" for 127.0.0.1 at 2025-05-01 00:17:58 -0500
Processing by StudentsController#new as HTML
  Rendering layout layouts/application.html.erb
  Rendering students/new.html.erb within layouts/application
  Rendered students/_form.html.erb (Duration: 2.5ms | GC: 0.0ms)
  Rendered students/new.html.erb within layouts/application (Duration: 3.1ms | GC: 0.0ms)
  Rendered layout layouts/application.html.erb (Duration: 4.7ms | GC: 0.0ms)
Completed 200 OK in 20ms (Views: 5.3ms | ActiveRecord: 0.0ms (0 queries, 0 cached) | GC: 0.0ms)


Started GET "/assets/controllers" for 127.0.0.1 at 2025-05-01 00:17:58 -0500
Started POST "/students" for 127.0.0.1 at 2025-05-01 00:18:08 -0500
Processing by StudentsController#create as HTML
  Parameters: {"authenticity_token"=>"[FILTERED]", "student"=>{"first_name"=>"Test", "last_name"=>"22", "course"=>"CS 397"}, "commit"=>"Create Student"}
  [1m[36mTRANSACTION (0.9ms)[0m  [1m[35mBEGIN /*action='create',application='App',controller='students'*/[0m
  ↳ app/controllers/students_controller.rb:30:in `block in create'
  [1m[36mStudent Create (8.1ms)[0m  [1m[32mINSERT INTO "students" ("first_name", "last_name", "course", "profile_picture", "created_at", "updated_at") VALUES ('Test', '22', 'CS 397', NULL, '2025-05-01 05:18:08.796359', '2025-05-01 05:18:08.796359') RETURNING "id" /*action='create',application='App',controller='students'*/[0m
  ↳ app/controllers/students_controller.rb:30:in `block in create'
  [1m[36mTRANSACTION (2.9ms)[0m  [1m[35mCOMMIT /*action='create',application='App',controller='students'*/[0m
  ↳ app/controllers/students_controller.rb:30:in `block in create'
Redirected to http://127.0.0.1:3000/students
Completed 302 Found in 39ms (ActiveRecord: 11.6ms (1 query, 0 cached) | GC: 0.4ms)


Started GET "/students" for 127.0.0.1 at 2025-05-01 00:18:08 -0500
Processing by StudentsController#index as HTML
  Rendering layout layouts/application.html.erb
  Rendering students/index.html.erb within layouts/application
  [1m[36mStudent Load (1.1ms)[0m  [1m[34mSELECT "students".* FROM "students" /*action='index',application='App',controller='students'*/[0m
  ↳ app/views/students/index.html.erb:159
  Rendered students/index.html.erb within layouts/application (Duration: 9.0ms | GC: 0.4ms)
  Rendered layout layouts/application.html.erb (Duration: 10.9ms | GC: 0.4ms)
Completed 200 OK in 32ms (Views: 10.4ms | ActiveRecord: 1.1ms (1 query, 0 cached) | GC: 0.9ms)


Started GET "/assets/controllers" for 127.0.0.1 at 2025-05-01 00:18:08 -0500
Started GET "/images/hero.jpg" for 127.0.0.1 at 2025-05-01 00:18:08 -0500
  
ActionController::RoutingError (No route matches [GET] "/images/hero.jpg"):
  
Started GET "/images/nu_shield.png" for 127.0.0.1 at 2025-05-01 00:18:08 -0500
  
ActionController::RoutingError (No route matches [GET] "/images/nu_shield.png"):
  
Started GET "/" for 127.0.0.1 at 2025-05-01 00:45:22 -0500
  [1m[36mActiveRecord::SchemaMigration Load (2.3ms)[0m  [1m[34mSELECT "schema_migrations"."version" FROM "schema_migrations" ORDER BY "schema_migrations"."version" ASC /*application='App'*/[0m
Processing by StudentsController#index as HTML
  Rendering layout layouts/application.html.erb
  Rendering students/index.html.erb within layouts/application
  [1m[36mStudent Load (13.4ms)[0m  [1m[34mSELECT "students".* FROM "students" /*action='index',application='App',controller='students'*/[0m
  ↳ app/views/students/index.html.erb:159
  Rendered students/index.html.erb within layouts/application (Duration: 76.8ms | GC: 27.3ms)
  Rendered layout layouts/application.html.erb (Duration: 95.7ms | GC: 27.9ms)
Completed 200 OK in 172ms (Views: 67.2ms | ActiveRecord: 33.6ms (1 query, 0 cached) | GC: 27.9ms)


Started GET "/assets/controllers" for 127.0.0.1 at 2025-05-01 00:45:23 -0500
Started GET "/images/hero.jpg" for 127.0.0.1 at 2025-05-01 00:45:23 -0500
Started GET "/images/nu_shield.png" for 127.0.0.1 at 2025-05-01 00:45:23 -0500
  
ActionController::RoutingError (No route matches [GET] "/images/hero.jpg"):
  
  [1m[36mActiveRecord::SchemaMigration Load (1.1ms)[0m  [1m[34mSELECT "schema_migrations"."version" FROM "schema_migrations" ORDER BY "schema_migrations"."version" ASC /*application='App'*/[0m
  
ActionController::RoutingError (No route matches [GET] "/images/nu_shield.png"):
  
